[debug] [2018-01-24T19:48:29.700Z] ----------------------------------------------------------------------
[debug] [2018-01-24T19:48:29.703Z] Command:       /Users/hepiskafranatagola/.nvm/versions/node/v8.9.3/bin/node /usr/local/bin/firebase deploy
[debug] [2018-01-24T19:48:29.703Z] CLI Version:   3.13.1
[debug] [2018-01-24T19:48:29.703Z] Platform:      darwin
[debug] [2018-01-24T19:48:29.703Z] Node Version:  v8.9.3
[debug] [2018-01-24T19:48:29.704Z] Time:          Thu Jan 25 2018 02:48:29 GMT+0700 (WIB)
[debug] [2018-01-24T19:48:29.704Z] ----------------------------------------------------------------------
[debug] 
[debug] [2018-01-24T19:48:29.724Z] > command requires scopes: ["email","openid","https://www.googleapis.com/auth/cloudplatformprojects.readonly","https://www.googleapis.com/auth/firebase","https://www.googleapis.com/auth/cloud-platform"]
[debug] [2018-01-24T19:48:29.724Z] > authorizing via signed-in user
[debug] [2018-01-24T19:48:29.727Z] > refreshing access token with scopes: ["email","https://www.googleapis.com/auth/cloud-platform","https://www.googleapis.com/auth/cloudplatformprojects.readonly","https://www.googleapis.com/auth/firebase","openid"]
[debug] [2018-01-24T19:48:29.727Z] >>> HTTP REQUEST POST https://www.googleapis.com/oauth2/v3/token { refresh_token: '1/XEoPZDwTi1DneXVj3px6gMpwHsiJtzgHJY-oXFTYh_Q',
  client_id: '563584335869-fgrhgmd47bqnekij5i8b5pr03ho849e6.apps.googleusercontent.com',
  client_secret: 'j9iVZfS8kkCEFUPaAeJV0sAi',
  grant_type: 'refresh_token',
  scope: 'email https://www.googleapis.com/auth/cloud-platform https://www.googleapis.com/auth/cloudplatformprojects.readonly https://www.googleapis.com/auth/firebase openid' } 
 Thu Jan 25 2018 02:48:29 GMT+0700 (WIB)
[debug] [2018-01-24T19:48:30.018Z] <<< HTTP RESPONSE 200
[debug] [2018-01-24T19:48:30.066Z] >>> HTTP REQUEST GET https://admin.firebase.com/v1/projects/itrustu-a10b5  
 Thu Jan 25 2018 02:48:30 GMT+0700 (WIB)
[debug] [2018-01-24T19:48:31.390Z] <<< HTTP RESPONSE 200
[debug] [2018-01-24T19:48:31.391Z] >>> HTTP REQUEST GET https://admin.firebase.com/v1/database/itrustu-a10b5/tokens  
 Thu Jan 25 2018 02:48:31 GMT+0700 (WIB)
[debug] [2018-01-24T19:48:32.382Z] <<< HTTP RESPONSE 200
